[2020-10-22 18:33:33] [收录推送] 普通收录，推送url：
[2020-10-22 18:33:33] [收录推送] https://www.90ike.com/428.html
[2020-10-22 18:33:33] [收录推送] 推送结果【success】
[2020-10-22 18:33:33] [收录推送] 快速收录，推送url：
[2020-10-22 18:33:33] [收录推送] https://www.90ike.com/428.html
[2020-10-22 18:33:33] [收录推送] 推送结果【超过每日配额了，超配额后再提交都是无效的】
[2020-10-22 18:34:49] [收录推送] 普通收录，推送url：
[2020-10-22 18:34:49] [收录推送] https://www.90ike.com/433.html
[2020-10-22 18:34:49] [收录推送] 推送结果【success】
[2020-10-22 18:34:49] [收录推送] 快速收录，推送url：
[2020-10-22 18:34:49] [收录推送] https://www.90ike.com/433.html
[2020-10-22 18:34:49] [收录推送] 推送结果【超过每日配额了，超配额后再提交都是无效的】
[2020-10-22 18:35:29] [收录推送] 普通收录，推送url：
[2020-10-22 18:35:29] [收录推送] https://www.90ike.com/432.html
[2020-10-22 18:35:29] [收录推送] 推送结果【success】
[2020-10-22 18:35:29] [收录推送] 快速收录，推送url：
[2020-10-22 18:35:29] [收录推送] https://www.90ike.com/432.html
[2020-10-22 18:35:29] [收录推送] 推送结果【超过每日配额了，超配额后再提交都是无效的】
[2020-10-22 18:37:04] [收录推送] 普通收录，推送url：
[2020-10-22 18:37:04] [收录推送] https://www.90ike.com/426.html
[2020-10-22 18:37:05] [收录推送] 推送结果【success】
[2020-10-22 18:37:05] [收录推送] 快速收录，推送url：
[2020-10-22 18:37:05] [收录推送] https://www.90ike.com/426.html
[2020-10-22 18:37:05] [收录推送] 推送结果【超过每日配额了，超配额后再提交都是无效的】
[2020-10-22 18:37:51] [收录推送] 快速收录，推送url：
[2020-10-22 18:37:51] [收录推送] https://www.90ike.com/425.html
[2020-10-22 18:37:51] [收录推送] 推送结果【超过每日配额了，超配额后再提交都是无效的】
[2020-10-22 18:43:02] [收录推送] 普通收录，推送url：
[2020-10-22 18:43:02] [收录推送] https://www.90ike.com/466.html
[2020-10-22 18:43:02] [收录推送] 推送结果【success】
[2020-10-22 18:43:02] [收录推送] 快速收录，推送url：
[2020-10-22 18:43:02] [收录推送] https://www.90ike.com/466.html
[2020-10-22 18:43:02] [收录推送] 推送结果【超过每日配额了，超配额后再提交都是无效的】
[2020-10-22 18:45:02] [收录推送] 普通收录，推送url：
[2020-10-22 18:45:02] [收录推送] https://www.90ike.com/468.html
[2020-10-22 18:45:02] [收录推送] 推送结果【success】
[2020-10-22 18:45:02] [收录推送] 快速收录，推送url：
[2020-10-22 18:45:02] [收录推送] https://www.90ike.com/468.html
[2020-10-22 18:45:02] [收录推送] 推送结果【超过每日配额了，超配额后再提交都是无效的】
[2020-10-22 18:47:00] [收录推送] 普通收录，推送url：
[2020-10-22 18:47:00] [收录推送] https://www.90ike.com/470.html
[2020-10-22 18:47:00] [收录推送] 推送结果【success】
[2020-10-22 18:47:00] [收录推送] 快速收录，推送url：
[2020-10-22 18:47:00] [收录推送] https://www.90ike.com/470.html
[2020-10-22 18:47:00] [收录推送] 推送结果【超过每日配额了，超配额后再提交都是无效的】
[2020-10-22 18:48:29] [收录推送] 普通收录，推送url：
[2020-10-22 18:48:29] [收录推送] https://www.90ike.com/472.html
[2020-10-22 18:48:30] [收录推送] 推送结果【success】
[2020-10-22 18:48:30] [收录推送] 快速收录，推送url：
[2020-10-22 18:48:30] [收录推送] https://www.90ike.com/472.html
[2020-10-22 18:48:30] [收录推送] 推送结果【超过每日配额了，超配额后再提交都是无效的】
[2020-10-22 18:50:41] [收录推送] 普通收录，推送url：
[2020-10-22 18:50:41] [收录推送] https://www.90ike.com/474.html
[2020-10-22 18:50:41] [收录推送] 推送结果【success】
[2020-10-22 18:50:41] [收录推送] 快速收录，推送url：
[2020-10-22 18:50:41] [收录推送] https://www.90ike.com/474.html
[2020-10-22 18:50:41] [收录推送] 推送结果【超过每日配额了，超配额后再提交都是无效的】
[2020-10-22 18:52:49] [收录推送] 普通收录，推送url：
[2020-10-22 18:52:49] [收录推送] https://www.90ike.com/476.html
[2020-10-22 18:52:50] [收录推送] 推送结果【success】
[2020-10-22 18:52:50] [收录推送] 快速收录，推送url：
[2020-10-22 18:52:50] [收录推送] https://www.90ike.com/476.html
[2020-10-22 18:52:50] [收录推送] 推送结果【超过每日配额了，超配额后再提交都是无效的】
[2020-10-22 18:56:52] [收录推送] 普通收录，推送url：
[2020-10-22 18:56:52] [收录推送] https://www.90ike.com/479.html
[2020-10-22 18:57:02] [收录推送] 推送结果【接口请求错误,cURL error 28: connect() timed out!】
[2020-10-22 18:57:03] [收录推送] 快速收录，推送url：
[2020-10-22 18:57:03] [收录推送] https://www.90ike.com/479.html
[2020-10-22 18:57:13] [收录推送] 推送结果【接口请求错误,cURL error 28: connect() timed out!】
[2020-10-22 18:59:05] [收录推送] 普通收录，推送url：
[2020-10-22 18:59:05] [收录推送] https://www.90ike.com/481.html
[2020-10-22 18:59:05] [收录推送] 推送结果【success】
[2020-10-22 18:59:05] [收录推送] 快速收录，推送url：
[2020-10-22 18:59:05] [收录推送] https://www.90ike.com/481.html
[2020-10-22 18:59:05] [收录推送] 推送结果【超过每日配额了，超配额后再提交都是无效的】
[2020-10-22 19:00:25] [定时任务] 开始执行百度推送插件定时任务
[2020-10-22 19:00:25] [收录查询] 新发布文章或未查询的存量文章
[2020-10-22 19:00:25] [收录查询] 查询文章8篇
[2020-10-22 19:00:26] [收录查询] 查询出错，状态码【】
[2020-10-22 19:00:26] [收录查询] 重新查询未收录文章
[2020-10-22 19:00:26] [收录查询] 查询文章0篇
[2020-10-22 19:00:26] [定时任务] 百度推送插件定时任务执行完毕
[2020-10-22 19:00:44] [收录推送] 普通收录，推送url：
[2020-10-22 19:00:44] [收录推送] https://www.90ike.com/483.html
[2020-10-22 19:00:44] [收录推送] 推送结果【success】
[2020-10-22 19:00:44] [收录推送] 快速收录，推送url：
[2020-10-22 19:00:44] [收录推送] https://www.90ike.com/483.html
[2020-10-22 19:00:44] [收录推送] 推送结果【超过每日配额了，超配额后再提交都是无效的】
[2020-10-22 20:00:37] [定时任务] 开始执行百度推送插件定时任务
[2020-10-22 20:00:37] [收录查询] 新发布文章或未查询的存量文章
[2020-10-22 20:00:37] [收录查询] 查询文章1篇
[2020-10-22 20:00:37] [收录查询] 查询出错，状态码【】
[2020-10-22 20:00:37] [收录查询] 重新查询未收录文章
[2020-10-22 20:00:37] [收录查询] 查询文章0篇
[2020-10-22 20:00:37] [定时任务] 百度推送插件定时任务执行完毕
[2020-10-22 21:22:43] [定时任务] 开始执行百度推送插件定时任务
[2020-10-22 21:22:43] [收录查询] 新发布文章或未查询的存量文章
[2020-10-22 21:22:43] [收录查询] 查询文章0篇
[2020-10-22 21:22:44] [收录查询] 重新查询未收录文章
[2020-10-22 21:22:44] [收录查询] 查询文章0篇
[2020-10-22 21:22:44] [定时任务] 百度推送插件定时任务执行完毕
[2020-10-22 22:41:28] [定时任务] 开始执行百度推送插件定时任务
[2020-10-22 22:41:28] [收录查询] 新发布文章或未查询的存量文章
[2020-10-22 22:41:28] [收录查询] 查询文章0篇
[2020-10-22 22:41:28] [收录查询] 重新查询未收录文章
[2020-10-22 22:41:28] [收录查询] 查询文章0篇
[2020-10-22 22:41:28] [定时任务] 百度推送插件定时任务执行完毕
[2020-10-22 23:03:06] [定时任务] 开始执行百度推送插件定时任务
[2020-10-22 23:03:06] [收录概况] 查询百度收录概况-“收录总数”，请求接口：
[2020-10-22 23:03:06] [收录概况] https://www.baidu.com/s?ie=utf-8&f=8&rsv_bp=1&rsv_idx=1&tn=baidu&wd=site%3Awww.90ike.com
[2020-10-22 23:03:09] [收录概况] 请求错误，错误【cURL error 28: SSL connection timeout】
[2020-10-22 23:03:09] [收录查询] 新发布文章或未查询的存量文章
[2020-10-22 23:03:09] [收录查询] 查询文章0篇
[2020-10-22 23:03:09] [收录查询] 重新查询未收录文章
[2020-10-22 23:03:09] [收录查询] 查询文章0篇
[2020-10-22 23:03:09] [定时任务] 百度推送插件定时任务执行完毕
[2020-10-23 00:01:49] [定时任务] 开始执行百度推送插件定时任务
[2020-10-23 00:01:49] [收录概况] 查询百度收录概况-“收录总数”，请求接口：
[2020-10-23 00:01:49] [收录概况] https://www.baidu.com/s?ie=utf-8&f=8&rsv_bp=1&rsv_idx=1&tn=baidu&wd=site%3Awww.90ike.com
[2020-10-23 00:01:49] [收录概况] 请求返回【找到相关结果数约39】
[2020-10-23 00:01:49] [收录概况] 查询百度收录概况-“近30天收录”概况，请求接口：
[2020-10-23 00:01:49] [收录概况] https://www.baidu.com/s?ie=utf-8&f=8&rsv_bp=1&rsv_idx=1&tn=baidu&wd=site%3Awww.90ike.com&gpc=stf%3d1600905600%2c1603411309%7cstftype%3d1
[2020-10-23 00:01:49] [收录概况] 请求返回【没有找到数据】
[2020-10-23 00:01:50] [收录查询] 新发布文章或未查询的存量文章
[2020-10-23 00:01:50] [收录查询] 查询文章0篇
[2020-10-23 00:01:50] [收录查询] 重新查询未收录文章
[2020-10-23 00:01:50] [收录查询] 查询文章197篇
[2020-10-23 00:02:01] [收录查询] 查询成功，更新已收录1篇
[2020-10-23 00:02:01] [定时任务] 百度推送插件定时任务执行完毕
[2020-10-23 01:36:48] [定时任务] 开始执行百度推送插件定时任务
[2020-10-23 01:36:48] [收录查询] 新发布文章或未查询的存量文章
[2020-10-23 01:36:48] [收录查询] 查询文章0篇
[2020-10-23 01:36:48] [收录查询] 重新查询未收录文章
[2020-10-23 01:36:48] [收录查询] 查询文章0篇
[2020-10-23 01:36:48] [定时任务] 百度推送插件定时任务执行完毕
[2020-10-23 02:34:19] [定时任务] 开始执行百度推送插件定时任务
[2020-10-23 02:34:19] [收录查询] 新发布文章或未查询的存量文章
[2020-10-23 02:34:19] [收录查询] 查询文章0篇
[2020-10-23 02:34:19] [收录查询] 重新查询未收录文章
[2020-10-23 02:34:19] [收录查询] 查询文章0篇
[2020-10-23 02:34:19] [定时任务] 百度推送插件定时任务执行完毕
[2020-10-23 03:37:00] [定时任务] 开始执行百度推送插件定时任务
[2020-10-23 03:37:00] [收录查询] 新发布文章或未查询的存量文章
[2020-10-23 03:37:00] [收录查询] 查询文章0篇
[2020-10-23 03:37:00] [收录查询] 重新查询未收录文章
[2020-10-23 03:37:00] [收录查询] 查询文章0篇
[2020-10-23 03:37:00] [定时任务] 百度推送插件定时任务执行完毕
[2020-10-23 04:16:53] [定时任务] 开始执行百度推送插件定时任务
[2020-10-23 04:16:53] [收录查询] 新发布文章或未查询的存量文章
[2020-10-23 04:16:53] [收录查询] 查询文章0篇
[2020-10-23 04:16:53] [收录查询] 重新查询未收录文章
[2020-10-23 04:16:53] [收录查询] 查询文章0篇
[2020-10-23 04:16:53] [定时任务] 百度推送插件定时任务执行完毕
[2020-10-23 05:13:06] [定时任务] 开始执行百度推送插件定时任务
[2020-10-23 05:13:06] [收录查询] 新发布文章或未查询的存量文章
[2020-10-23 05:13:06] [收录查询] 查询文章0篇
[2020-10-23 05:13:06] [收录查询] 重新查询未收录文章
[2020-10-23 05:13:06] [收录查询] 查询文章0篇
[2020-10-23 05:13:06] [定时任务] 百度推送插件定时任务执行完毕
[2020-10-23 06:35:20] [定时任务] 开始执行百度推送插件定时任务
[2020-10-23 06:35:20] [收录概况] 查询百度收录概况-“收录总数”，请求接口：
[2020-10-23 06:35:20] [收录概况] https://www.baidu.com/s?ie=utf-8&f=8&rsv_bp=1&rsv_idx=1&tn=baidu&wd=site%3Awww.90ike.com
[2020-10-23 06:35:23] [收录概况] 请求返回【找到相关结果数约13】
[2020-10-23 06:35:23] [收录概况] 查询百度收录概况-“近30天收录”概况，请求接口：
[2020-10-23 06:35:23] [收录概况] https://www.baidu.com/s?ie=utf-8&f=8&rsv_bp=1&rsv_idx=1&tn=baidu&wd=site%3Awww.90ike.com&gpc=stf%3d1600905600%2c1603434923%7cstftype%3d1
[2020-10-23 06:35:26] [收录概况] 请求返回【没有找到数据】
[2020-10-23 06:35:26] [收录查询] 新发布文章或未查询的存量文章
[2020-10-23 06:35:26] [收录查询] 查询文章0篇
[2020-10-23 06:35:26] [收录查询] 重新查询未收录文章
[2020-10-23 06:35:26] [收录查询] 查询文章0篇
[2020-10-23 06:35:26] [定时任务] 百度推送插件定时任务执行完毕
[2020-10-23 07:27:26] [定时任务] 开始执行百度推送插件定时任务
[2020-10-23 07:27:26] [收录查询] 新发布文章或未查询的存量文章
[2020-10-23 07:27:26] [收录查询] 查询文章0篇
[2020-10-23 07:27:26] [收录查询] 重新查询未收录文章
[2020-10-23 07:27:26] [收录查询] 查询文章0篇
[2020-10-23 07:27:26] [定时任务] 百度推送插件定时任务执行完毕
[2020-10-23 08:03:27] [定时任务] 开始执行百度推送插件定时任务
[2020-10-23 08:03:27] [收录查询] 新发布文章或未查询的存量文章
[2020-10-23 08:03:27] [收录查询] 查询文章0篇
[2020-10-23 08:03:27] [收录查询] 重新查询未收录文章
[2020-10-23 08:03:27] [收录查询] 查询文章0篇
[2020-10-23 08:03:27] [定时任务] 百度推送插件定时任务执行完毕
[2020-10-23 08:56:36] [收录推送] 普通收录，推送url：
[2020-10-23 08:56:36] [收录推送] https://www.90ike.com/%e9%97%ae%e7%ad%94
[2020-10-23 08:56:36] [收录推送] 推送结果【success】
[2020-10-23 08:56:37] [收录推送] 快速收录，推送url：
[2020-10-23 08:56:37] [收录推送] https://www.90ike.com/%e9%97%ae%e7%ad%94
[2020-10-23 08:56:37] [收录推送] 推送结果【超过每日配额了，超配额后再提交都是无效的】
[2020-10-23 08:58:42] [收录推送] 普通收录，推送url：
[2020-10-23 08:58:42] [收录推送] https://www.90ike.com/%e6%96%b0%e5%bb%ba%e6%95%99%e7%a8%8b
[2020-10-23 08:58:42] [收录推送] 推送结果【success】
[2020-10-23 08:58:42] [收录推送] 快速收录，推送url：
[2020-10-23 08:58:42] [收录推送] https://www.90ike.com/%e6%96%b0%e5%bb%ba%e6%95%99%e7%a8%8b
[2020-10-23 08:58:42] [收录推送] 推送结果【超过每日配额了，超配额后再提交都是无效的】
[2020-10-23 09:00:27] [定时任务] 开始执行百度推送插件定时任务
[2020-10-23 09:00:27] [收录查询] 新发布文章或未查询的存量文章
[2020-10-23 09:00:27] [收录查询] 查询文章2篇
[2020-10-23 09:00:28] [收录查询] 查询出错，状态码【】
[2020-10-23 09:00:28] [收录查询] 重新查询未收录文章
[2020-10-23 09:00:28] [收录查询] 查询文章0篇
[2020-10-23 09:00:28] [定时任务] 百度推送插件定时任务执行完毕
[2020-10-23 09:02:12] [收录推送] 快速收录，推送url：
[2020-10-23 09:02:12] [收录推送] https://www.90ike.com/forum
[2020-10-23 09:02:12] [收录推送] 推送结果【超过每日配额了，超配额后再提交都是无效的】
[2020-10-23 09:07:12] [收录推送] 普通收录，推送url：
[2020-10-23 09:07:12] [收录推送] https://www.90ike.com/forum/495.html
[2020-10-23 09:07:12] [收录推送] 推送结果【success】
[2020-10-23 09:07:12] [收录推送] 快速收录，推送url：
[2020-10-23 09:07:12] [收录推送] https://www.90ike.com/forum/495.html
[2020-10-23 09:07:12] [收录推送] 推送结果【超过每日配额了，超配额后再提交都是无效的】
[2020-10-23 09:16:45] [收录推送] 普通收录，推送url：
[2020-10-23 09:16:45] [收录推送] https://www.90ike.com/%e6%95%99%e7%a8%8b%e5%a4%a7%e5%85%a8
[2020-10-23 09:16:45] [收录推送] 推送结果【success】
[2020-10-23 09:16:45] [收录推送] 快速收录，推送url：
[2020-10-23 09:16:45] [收录推送] https://www.90ike.com/%e6%95%99%e7%a8%8b%e5%a4%a7%e5%85%a8
[2020-10-23 09:16:45] [收录推送] 推送结果【超过每日配额了，超配额后再提交都是无效的】
[2020-10-23 09:23:01] [收录推送] 普通收录，推送url：
[2020-10-23 09:23:01] [收录推送] https://www.90ike.com/%e6%96%b0%e5%bb%ba%e6%95%99%e7%a8%8b
[2020-10-23 09:23:01] [收录推送] 推送结果【success】
[2020-10-23 09:23:01] [收录推送] 快速收录，推送url：
[2020-10-23 09:23:01] [收录推送] https://www.90ike.com/%e6%96%b0%e5%bb%ba%e6%95%99%e7%a8%8b
[2020-10-23 09:23:01] [收录推送] 推送结果【超过每日配额了，超配额后再提交都是无效的】
[2020-10-23 09:34:23] [收录推送] 普通收录，推送url：
[2020-10-23 09:34:23] [收录推送] https://www.90ike.com/forum/515.html
[2020-10-23 09:34:23] [收录推送] 推送结果【success】
[2020-10-23 09:34:23] [收录推送] 快速收录，推送url：
[2020-10-23 09:34:23] [收录推送] https://www.90ike.com/forum/515.html
[2020-10-23 09:34:23] [收录推送] 推送结果【超过每日配额了，超配额后再提交都是无效的】
[2020-10-23 09:40:12] [收录推送] 普通收录，推送url：
[2020-10-23 09:40:12] [收录推送] https://www.90ike.com/forum/516.html
[2020-10-23 09:40:12] [收录推送] 推送结果【success】
[2020-10-23 09:40:12] [收录推送] 快速收录，推送url：
[2020-10-23 09:40:12] [收录推送] https://www.90ike.com/forum/516.html
[2020-10-23 09:40:13] [收录推送] 推送结果【超过每日配额了，超配额后再提交都是无效的】
[2020-10-23 09:41:12] [收录推送] 快速收录，推送url：
[2020-10-23 09:41:12] [收录推送] https://www.90ike.com/forum
[2020-10-23 09:41:22] [收录推送] 推送结果【接口请求错误,cURL error 28: connect() timed out!】
[2020-10-23 09:42:25] [收录推送] 快速收录，推送url：
[2020-10-23 09:42:25] [收录推送] https://www.90ike.com/forum/515.html
[2020-10-23 09:42:35] [收录推送] 推送结果【接口请求错误,cURL error 28: connect() timed out!】
[2020-10-23 09:48:25] [收录推送] 普通收录，推送url：
[2020-10-23 09:48:25] [收录推送] https://www.90ike.com/forum/517.html
[2020-10-23 09:48:25] [收录推送] 推送结果【success】
[2020-10-23 09:48:25] [收录推送] 快速收录，推送url：
[2020-10-23 09:48:25] [收录推送] https://www.90ike.com/forum/517.html
[2020-10-23 09:48:25] [收录推送] 推送结果【超过每日配额了，超配额后再提交都是无效的】
[2020-10-23 09:50:06] [收录推送] 普通收录，推送url：
[2020-10-23 09:50:06] [收录推送] https://www.90ike.com/forum/518.html
[2020-10-23 09:50:07] [收录推送] 推送结果【success】
[2020-10-23 09:50:07] [收录推送] 快速收录，推送url：
[2020-10-23 09:50:07] [收录推送] https://www.90ike.com/forum/518.html
[2020-10-23 09:50:07] [收录推送] 推送结果【超过每日配额了，超配额后再提交都是无效的】
[2020-10-23 09:51:21] [收录推送] 普通收录，推送url：
[2020-10-23 09:51:21] [收录推送] https://www.90ike.com/forum/519.html
[2020-10-23 09:51:21] [收录推送] 推送结果【success】
[2020-10-23 09:51:21] [收录推送] 快速收录，推送url：
[2020-10-23 09:51:21] [收录推送] https://www.90ike.com/forum/519.html
[2020-10-23 09:51:21] [收录推送] 推送结果【超过每日配额了，超配额后再提交都是无效的】
[2020-10-23 09:53:43] [收录推送] 普通收录，推送url：
[2020-10-23 09:53:43] [收录推送] https://www.90ike.com/forum/520.html
[2020-10-23 09:53:53] [收录推送] 推送结果【接口请求错误,cURL error 28: connect() timed out!】
[2020-10-23 09:53:53] [收录推送] 快速收录，推送url：
[2020-10-23 09:53:53] [收录推送] https://www.90ike.com/forum/520.html
[2020-10-23 09:54:03] [收录推送] 推送结果【接口请求错误,cURL error 28: connect() timed out!】
[2020-10-23 09:55:00] [收录推送] 普通收录，推送url：
[2020-10-23 09:55:00] [收录推送] https://www.90ike.com/forum/521.html
[2020-10-23 09:55:00] [收录推送] 推送结果【success】
[2020-10-23 09:55:00] [收录推送] 快速收录，推送url：
[2020-10-23 09:55:00] [收录推送] https://www.90ike.com/forum/521.html
[2020-10-23 09:55:00] [收录推送] 推送结果【超过每日配额了，超配额后再提交都是无效的】
[2020-10-23 09:56:41] [收录推送] 普通收录，推送url：
[2020-10-23 09:56:41] [收录推送] https://www.90ike.com/forum/522.html
[2020-10-23 09:56:41] [收录推送] 推送结果【success】
[2020-10-23 09:56:42] [收录推送] 快速收录，推送url：
[2020-10-23 09:56:42] [收录推送] https://www.90ike.com/forum/522.html
[2020-10-23 09:56:42] [收录推送] 推送结果【超过每日配额了，超配额后再提交都是无效的】
[2020-10-23 09:58:19] [收录推送] 普通收录，推送url：
[2020-10-23 09:58:19] [收录推送] https://www.90ike.com/forum/523.html
[2020-10-23 09:58:19] [收录推送] 推送结果【success】
[2020-10-23 09:58:19] [收录推送] 快速收录，推送url：
[2020-10-23 09:58:19] [收录推送] https://www.90ike.com/forum/523.html
[2020-10-23 09:58:20] [收录推送] 推送结果【超过每日配额了，超配额后再提交都是无效的】
[2020-10-23 10:00:09] [定时任务] 开始执行百度推送插件定时任务
[2020-10-23 10:00:09] [收录查询] 新发布文章或未查询的存量文章
[2020-10-23 10:00:09] [收录查询] 查询文章12篇
[2020-10-23 10:00:10] [收录查询] 查询出错，状态码【】
[2020-10-23 10:00:10] [收录查询] 重新查询未收录文章
[2020-10-23 10:00:10] [收录查询] 查询文章0篇
[2020-10-23 10:00:10] [定时任务] 百度推送插件定时任务执行完毕
[2020-10-23 10:01:41] [收录推送] 普通收录，推送url：
[2020-10-23 10:01:41] [收录推送] https://www.90ike.com/forum/524.html
[2020-10-23 10:01:41] [收录推送] 推送结果【success】
[2020-10-23 10:01:41] [收录推送] 快速收录，推送url：
[2020-10-23 10:01:41] [收录推送] https://www.90ike.com/forum/524.html
[2020-10-23 10:01:41] [收录推送] 推送结果【超过每日配额了，超配额后再提交都是无效的】
[2020-10-23 10:05:18] [收录推送] 普通收录，推送url：
[2020-10-23 10:05:18] [收录推送] https://www.90ike.com/forum/525.html
[2020-10-23 10:05:18] [收录推送] 推送结果【success】
[2020-10-23 10:05:18] [收录推送] 快速收录，推送url：
[2020-10-23 10:05:18] [收录推送] https://www.90ike.com/forum/525.html
[2020-10-23 10:05:18] [收录推送] 推送结果【超过每日配额了，超配额后再提交都是无效的】
[2020-10-23 10:07:32] [收录推送] 普通收录，推送url：
[2020-10-23 10:07:32] [收录推送] https://www.90ike.com/forum/526.html
[2020-10-23 10:07:42] [收录推送] 推送结果【接口请求错误,cURL error 28: connect() timed out!】
[2020-10-23 10:07:42] [收录推送] 快速收录，推送url：
[2020-10-23 10:07:42] [收录推送] https://www.90ike.com/forum/526.html
[2020-10-23 10:07:52] [收录推送] 推送结果【接口请求错误,cURL error 28: connect() timed out!】
[2020-10-23 10:12:49] [收录推送] 普通收录，推送url：
[2020-10-23 10:12:49] [收录推送] https://www.90ike.com/forum/527.html
[2020-10-23 10:12:59] [收录推送] 推送结果【接口请求错误,cURL error 28: connect() timed out!】
[2020-10-23 10:12:59] [收录推送] 快速收录，推送url：
[2020-10-23 10:12:59] [收录推送] https://www.90ike.com/forum/527.html
[2020-10-23 10:13:09] [收录推送] 推送结果【接口请求错误,cURL error 28: connect() timed out!】
[2020-10-23 10:15:02] [收录推送] 普通收录，推送url：
[2020-10-23 10:15:02] [收录推送] https://www.90ike.com/forum/528.html
[2020-10-23 10:15:12] [收录推送] 推送结果【接口请求错误,cURL error 28: connect() timed out!】
[2020-10-23 10:15:12] [收录推送] 快速收录，推送url：
[2020-10-23 10:15:12] [收录推送] https://www.90ike.com/forum/528.html
[2020-10-23 10:15:22] [收录推送] 推送结果【接口请求错误,cURL error 28: connect() timed out!】
[2020-10-23 10:17:50] [收录推送] 普通收录，推送url：
[2020-10-23 10:17:50] [收录推送] https://www.90ike.com/forum/529.html
[2020-10-23 10:18:00] [收录推送] 推送结果【接口请求错误,cURL error 28: connect() timed out!】
[2020-10-23 10:18:00] [收录推送] 快速收录，推送url：
[2020-10-23 10:18:00] [收录推送] https://www.90ike.com/forum/529.html
[2020-10-23 10:18:10] [收录推送] 推送结果【接口请求错误,cURL error 28: connect() timed out!】
[2020-10-23 10:19:08] [收录推送] 普通收录，推送url：
[2020-10-23 10:19:08] [收录推送] https://www.90ike.com/forum/530.html
[2020-10-23 10:19:18] [收录推送] 推送结果【接口请求错误,cURL error 28: connect() timed out!】
[2020-10-23 10:19:18] [收录推送] 快速收录，推送url：
[2020-10-23 10:19:18] [收录推送] https://www.90ike.com/forum/530.html
[2020-10-23 10:19:28] [收录推送] 推送结果【接口请求错误,cURL error 28: connect() timed out!】
[2020-10-23 10:20:42] [收录推送] 普通收录，推送url：
[2020-10-23 10:20:42] [收录推送] https://www.90ike.com/forum/531.html
[2020-10-23 10:20:52] [收录推送] 推送结果【接口请求错误,cURL error 28: connect() timed out!】
[2020-10-23 10:20:52] [收录推送] 快速收录，推送url：
[2020-10-23 10:20:52] [收录推送] https://www.90ike.com/forum/531.html
[2020-10-23 10:21:02] [收录推送] 推送结果【接口请求错误,cURL error 28: connect() timed out!】
[2020-10-23 10:23:01] [收录推送] 普通收录，推送url：
[2020-10-23 10:23:01] [收录推送] https://www.90ike.com/forum/532.html
[2020-10-23 10:23:02] [收录推送] 推送结果【success】
[2020-10-23 10:23:02] [收录推送] 快速收录，推送url：
[2020-10-23 10:23:02] [收录推送] https://www.90ike.com/forum/532.html
[2020-10-23 10:23:02] [收录推送] 推送结果【超过每日配额了，超配额后再提交都是无效的】
[2020-10-23 10:25:27] [收录推送] 普通收录，推送url：
[2020-10-23 10:25:27] [收录推送] https://www.90ike.com/forum/533.html
[2020-10-23 10:25:27] [收录推送] 推送结果【success】
[2020-10-23 10:25:27] [收录推送] 快速收录，推送url：
[2020-10-23 10:25:27] [收录推送] https://www.90ike.com/forum/533.html
[2020-10-23 10:25:27] [收录推送] 推送结果【超过每日配额了，超配额后再提交都是无效的】
[2020-10-23 10:28:02] [收录推送] 普通收录，推送url：
[2020-10-23 10:28:02] [收录推送] https://www.90ike.com/forum/534.html
[2020-10-23 10:28:02] [收录推送] 推送结果【success】
[2020-10-23 10:28:02] [收录推送] 快速收录，推送url：
[2020-10-23 10:28:02] [收录推送] https://www.90ike.com/forum/534.html
[2020-10-23 10:28:03] [收录推送] 推送结果【超过每日配额了，超配额后再提交都是无效的】
[2020-10-23 10:32:32] [收录推送] 普通收录，推送url：
[2020-10-23 10:32:32] [收录推送] https://www.90ike.com/forum/537.html
[2020-10-23 10:32:42] [收录推送] 推送结果【接口请求错误,cURL error 28: connect() timed out!】
[2020-10-23 10:32:42] [收录推送] 快速收录，推送url：
[2020-10-23 10:32:42] [收录推送] https://www.90ike.com/forum/537.html
[2020-10-23 10:32:52] [收录推送] 推送结果【接口请求错误,cURL error 28: connect() timed out!】
[2020-10-23 10:36:25] [收录推送] 普通收录，推送url：
[2020-10-23 10:36:25] [收录推送] https://www.90ike.com/forum/539.html
[2020-10-23 10:36:35] [收录推送] 推送结果【接口请求错误,cURL error 28: connect() timed out!】
[2020-10-23 10:36:35] [收录推送] 快速收录，推送url：
[2020-10-23 10:36:35] [收录推送] https://www.90ike.com/forum/539.html
[2020-10-23 10:36:45] [收录推送] 推送结果【接口请求错误,cURL error 28: connect() timed out!】
[2020-10-23 11:06:51] [定时任务] 开始执行百度推送插件定时任务
[2020-10-23 11:06:51] [收录查询] 新发布文章或未查询的存量文章
[2020-10-23 11:06:51] [收录查询] 查询文章13篇
[2020-10-23 11:06:52] [收录查询] 查询出错，状态码【】
[2020-10-23 11:06:52] [收录查询] 重新查询未收录文章
[2020-10-23 11:06:52] [收录查询] 查询文章0篇
[2020-10-23 11:06:52] [定时任务] 百度推送插件定时任务执行完毕
[2020-10-23 12:06:34] [定时任务] 开始执行百度推送插件定时任务
[2020-10-23 12:06:34] [收录概况] 查询百度收录概况-“收录总数”，请求接口：
[2020-10-23 12:06:34] [收录概况] https://www.baidu.com/s?ie=utf-8&f=8&rsv_bp=1&rsv_idx=1&tn=baidu&wd=site%3Awww.90ike.com
[2020-10-23 12:06:35] [收录概况] 请求返回【找到相关结果数约13】
[2020-10-23 12:06:35] [收录概况] 查询百度收录概况-“近30天收录”概况，请求接口：
[2020-10-23 12:06:35] [收录概况] https://www.baidu.com/s?ie=utf-8&f=8&rsv_bp=1&rsv_idx=1&tn=baidu&wd=site%3Awww.90ike.com&gpc=stf%3d1600905600%2c1603454795%7cstftype%3d1
[2020-10-23 12:06:37] [收录概况] 请求返回【没有找到数据】
[2020-10-23 12:06:37] [收录查询] 新发布文章或未查询的存量文章
[2020-10-23 12:06:37] [收录查询] 查询文章0篇
[2020-10-23 12:06:37] [收录查询] 重新查询未收录文章
[2020-10-23 12:06:37] [收录查询] 查询文章0篇
[2020-10-23 12:06:37] [定时任务] 百度推送插件定时任务执行完毕
[2020-10-23 13:04:32] [定时任务] 开始执行百度推送插件定时任务
[2020-10-23 13:04:32] [收录查询] 新发布文章或未查询的存量文章
[2020-10-23 13:04:32] [收录查询] 查询文章0篇
[2020-10-23 13:04:32] [收录查询] 重新查询未收录文章
[2020-10-23 13:04:32] [收录查询] 查询文章0篇
[2020-10-23 13:04:32] [定时任务] 百度推送插件定时任务执行完毕
[2020-10-23 14:00:55] [定时任务] 开始执行百度推送插件定时任务
[2020-10-23 14:00:55] [收录查询] 新发布文章或未查询的存量文章
[2020-10-23 14:00:55] [收录查询] 查询文章0篇
[2020-10-23 14:00:55] [收录查询] 重新查询未收录文章
[2020-10-23 14:00:55] [收录查询] 查询文章0篇
[2020-10-23 14:00:55] [定时任务] 百度推送插件定时任务执行完毕
[2020-10-23 15:01:12] [定时任务] 开始执行百度推送插件定时任务
[2020-10-23 15:01:12] [收录查询] 新发布文章或未查询的存量文章
[2020-10-23 15:01:12] [收录查询] 查询文章0篇
[2020-10-23 15:01:12] [收录查询] 重新查询未收录文章
[2020-10-23 15:01:12] [收录查询] 查询文章0篇
[2020-10-23 15:01:12] [定时任务] 百度推送插件定时任务执行完毕
[2020-10-23 16:00:14] [定时任务] 开始执行百度推送插件定时任务
[2020-10-23 16:00:14] [收录查询] 新发布文章或未查询的存量文章
[2020-10-23 16:00:14] [收录查询] 查询文章0篇
[2020-10-23 16:00:14] [收录查询] 重新查询未收录文章
[2020-10-23 16:00:14] [收录查询] 查询文章0篇
[2020-10-23 16:00:14] [定时任务] 百度推送插件定时任务执行完毕
[2020-10-23 17:04:58] [定时任务] 开始执行百度推送插件定时任务
[2020-10-23 17:04:58] [收录查询] 新发布文章或未查询的存量文章
[2020-10-23 17:04:58] [收录查询] 查询文章0篇
[2020-10-23 17:04:58] [收录查询] 重新查询未收录文章
[2020-10-23 17:04:58] [收录查询] 查询文章0篇
[2020-10-23 17:04:58] [定时任务] 百度推送插件定时任务执行完毕
[2020-10-23 18:00:12] [定时任务] 开始执行百度推送插件定时任务
[2020-10-23 18:00:12] [收录概况] 查询百度收录概况-“收录总数”，请求接口：
[2020-10-23 18:00:12] [收录概况] https://www.baidu.com/s?ie=utf-8&f=8&rsv_bp=1&rsv_idx=1&tn=baidu&wd=site%3Awww.90ike.com
[2020-10-23 18:00:17] [收录概况] 请求返回【找到相关结果数约13】
[2020-10-23 18:00:17] [收录概况] 查询百度收录概况-“近30天收录”概况，请求接口：
[2020-10-23 18:00:17] [收录概况] https://www.baidu.com/s?ie=utf-8&f=8&rsv_bp=1&rsv_idx=1&tn=baidu&wd=site%3Awww.90ike.com&gpc=stf%3d1600905600%2c1603476017%7cstftype%3d1
[2020-10-23 18:00:22] [收录概况] 请求错误，错误【cURL error 28: Operation timed out after 3000 milliseconds with 10206 bytes received】
[2020-10-23 18:00:25] [收录查询] 新发布文章或未查询的存量文章
[2020-10-23 18:00:25] [收录查询] 查询文章0篇
[2020-10-23 18:00:25] [收录查询] 重新查询未收录文章
[2020-10-23 18:00:25] [收录查询] 查询文章0篇
[2020-10-23 18:00:25] [定时任务] 百度推送插件定时任务执行完毕
[2020-10-23 18:43:35] [收录推送] 普通收录，推送url：
[2020-10-23 18:43:35] [收录推送] https://www.90ike.com/forum/539.html
[2020-10-23 18:43:36] [收录推送] 推送结果【success】
[2020-10-23 18:43:36] [收录推送] 快速收录，推送url：
[2020-10-23 18:43:36] [收录推送] https://www.90ike.com/forum/539.html
[2020-10-23 18:43:36] [收录推送] 推送结果【超过每日配额了，超配额后再提交都是无效的】
[2020-10-23 18:55:52] [收录推送] 普通收录，推送url：
[2020-10-23 18:55:52] [收录推送] https://www.90ike.com/forum/543.html
[2020-10-23 18:56:03] [收录推送] 推送结果【接口请求错误,cURL error 28: connect() timed out!】
[2020-10-23 18:56:03] [收录推送] 快速收录，推送url：
[2020-10-23 18:56:03] [收录推送] https://www.90ike.com/forum/543.html
[2020-10-23 18:56:13] [收录推送] 推送结果【接口请求错误,cURL error 28: connect() timed out!】
[2020-10-23 18:59:40] [收录推送] 普通收录，推送url：
[2020-10-23 18:59:40] [收录推送] https://www.90ike.com/forum/544.html
[2020-10-23 18:59:40] [收录推送] 推送结果【success】
[2020-10-23 18:59:40] [收录推送] 快速收录，推送url：
[2020-10-23 18:59:40] [收录推送] https://www.90ike.com/forum/544.html
[2020-10-23 18:59:40] [收录推送] 推送结果【超过每日配额了，超配额后再提交都是无效的】
[2020-10-23 19:00:14] [定时任务] 开始执行百度推送插件定时任务
[2020-10-23 19:00:14] [收录查询] 新发布文章或未查询的存量文章
[2020-10-23 19:00:14] [收录查询] 查询文章2篇
[2020-10-23 19:00:14] [收录查询] 查询出错，状态码【】
[2020-10-23 19:00:14] [收录查询] 重新查询未收录文章
[2020-10-23 19:00:14] [收录查询] 查询文章0篇
[2020-10-23 19:00:14] [定时任务] 百度推送插件定时任务执行完毕
[2020-10-23 19:04:28] [收录推送] 普通收录，推送url：
[2020-10-23 19:04:28] [收录推送] https://www.90ike.com/forum/545.html
[2020-10-23 19:04:28] [收录推送] 推送结果【success】
[2020-10-23 19:04:28] [收录推送] 快速收录，推送url：
[2020-10-23 19:04:28] [收录推送] https://www.90ike.com/forum/545.html
[2020-10-23 19:04:28] [收录推送] 推送结果【超过每日配额了，超配额后再提交都是无效的】
[2020-10-23 19:19:11] [收录推送] 普通收录，推送url：
[2020-10-23 19:19:11] [收录推送] https://www.90ike.com/forum/547.html
[2020-10-23 19:19:11] [收录推送] 推送结果【success】
[2020-10-23 19:19:11] [收录推送] 快速收录，推送url：
[2020-10-23 19:19:11] [收录推送] https://www.90ike.com/forum/547.html
[2020-10-23 19:19:11] [收录推送] 推送结果【超过每日配额了，超配额后再提交都是无效的】
[2020-10-23 19:20:58] [收录推送] 普通收录，推送url：
[2020-10-23 19:20:58] [收录推送] https://www.90ike.com/forum/548.html
[2020-10-23 19:20:58] [收录推送] 推送结果【success】
[2020-10-23 19:20:58] [收录推送] 快速收录，推送url：
[2020-10-23 19:20:58] [收录推送] https://www.90ike.com/forum/548.html
[2020-10-23 19:20:58] [收录推送] 推送结果【超过每日配额了，超配额后再提交都是无效的】
[2020-10-23 19:26:55] [收录推送] 普通收录，推送url：
[2020-10-23 19:26:55] [收录推送] https://www.90ike.com/forum/549.html
[2020-10-23 19:27:05] [收录推送] 推送结果【接口请求错误,cURL error 28: connect() timed out!】
[2020-10-23 19:27:05] [收录推送] 快速收录，推送url：
[2020-10-23 19:27:05] [收录推送] https://www.90ike.com/forum/549.html
[2020-10-23 19:27:15] [收录推送] 推送结果【接口请求错误,cURL error 28: connect() timed out!】
[2020-10-23 19:29:19] [收录推送] 普通收录，推送url：
[2020-10-23 19:29:19] [收录推送] https://www.90ike.com/forum/550.html
[2020-10-23 19:29:19] [收录推送] 推送结果【success】
[2020-10-23 19:29:19] [收录推送] 快速收录，推送url：
[2020-10-23 19:29:19] [收录推送] https://www.90ike.com/forum/550.html
[2020-10-23 19:29:20] [收录推送] 推送结果【超过每日配额了，超配额后再提交都是无效的】
[2020-10-23 19:31:15] [收录推送] 普通收录，推送url：
[2020-10-23 19:31:15] [收录推送] https://www.90ike.com/forum/551.html
[2020-10-23 19:31:25] [收录推送] 推送结果【接口请求错误,cURL error 28: connect() timed out!】
[2020-10-23 19:31:25] [收录推送] 快速收录，推送url：
[2020-10-23 19:31:25] [收录推送] https://www.90ike.com/forum/551.html
[2020-10-23 19:31:35] [收录推送] 推送结果【接口请求错误,cURL error 28: connect() timed out!】
[2020-10-23 19:33:09] [收录推送] 普通收录，推送url：
[2020-10-23 19:33:09] [收录推送] https://www.90ike.com/forum/552.html
[2020-10-23 19:33:19] [收录推送] 推送结果【接口请求错误,cURL error 28: connect() timed out!】
[2020-10-23 19:33:19] [收录推送] 快速收录，推送url：
[2020-10-23 19:33:19] [收录推送] https://www.90ike.com/forum/552.html
[2020-10-23 19:33:29] [收录推送] 推送结果【接口请求错误,cURL error 28: connect() timed out!】
[2020-10-23 19:35:16] [收录推送] 普通收录，推送url：
[2020-10-23 19:35:16] [收录推送] https://www.90ike.com/forum/554.html
[2020-10-23 19:35:26] [收录推送] 推送结果【接口请求错误,cURL error 28: connect() timed out!】
[2020-10-23 19:35:26] [收录推送] 快速收录，推送url：
[2020-10-23 19:35:26] [收录推送] https://www.90ike.com/forum/554.html
[2020-10-23 19:35:36] [收录推送] 推送结果【接口请求错误,cURL error 28: connect() timed out!】
[2020-10-23 19:37:28] [收录推送] 普通收录，推送url：
[2020-10-23 19:37:28] [收录推送] https://www.90ike.com/forum/555.html
[2020-10-23 19:37:38] [收录推送] 推送结果【接口请求错误,cURL error 28: connect() timed out!】
[2020-10-23 19:37:38] [收录推送] 快速收录，推送url：
[2020-10-23 19:37:38] [收录推送] https://www.90ike.com/forum/555.html
[2020-10-23 19:37:48] [收录推送] 推送结果【接口请求错误,cURL error 28: connect() timed out!】
[2020-10-23 19:39:19] [收录推送] 普通收录，推送url：
[2020-10-23 19:39:19] [收录推送] https://www.90ike.com/forum/557.html
[2020-10-23 19:39:29] [收录推送] 推送结果【接口请求错误,cURL error 28: connect() timed out!】
[2020-10-23 19:39:29] [收录推送] 快速收录，推送url：
[2020-10-23 19:39:29] [收录推送] https://www.90ike.com/forum/557.html
[2020-10-23 19:39:39] [收录推送] 推送结果【接口请求错误,cURL error 28: connect() timed out!】
[2020-10-23 19:42:06] [收录推送] 普通收录，推送url：
[2020-10-23 19:42:06] [收录推送] https://www.90ike.com/forum/558.html
[2020-10-23 19:42:06] [收录推送] 推送结果【success】
[2020-10-23 19:42:06] [收录推送] 快速收录，推送url：
[2020-10-23 19:42:06] [收录推送] https://www.90ike.com/forum/558.html
[2020-10-23 19:42:06] [收录推送] 推送结果【超过每日配额了，超配额后再提交都是无效的】
[2020-10-23 19:43:33] [收录推送] 普通收录，推送url：
[2020-10-23 19:43:33] [收录推送] https://www.90ike.com/forum/559.html
[2020-10-23 19:43:33] [收录推送] 推送结果【success】
[2020-10-23 19:43:33] [收录推送] 快速收录，推送url：
[2020-10-23 19:43:33] [收录推送] https://www.90ike.com/forum/559.html
[2020-10-23 19:43:33] [收录推送] 推送结果【超过每日配额了，超配额后再提交都是无效的】
[2020-10-23 19:45:04] [收录推送] 普通收录，推送url：
[2020-10-23 19:45:04] [收录推送] https://www.90ike.com/forum/560.html
[2020-10-23 19:45:04] [收录推送] 推送结果【success】
[2020-10-23 19:45:04] [收录推送] 快速收录，推送url：
[2020-10-23 19:45:04] [收录推送] https://www.90ike.com/forum/560.html
[2020-10-23 19:45:04] [收录推送] 推送结果【超过每日配额了，超配额后再提交都是无效的】
[2020-10-23 19:46:36] [收录推送] 普通收录，推送url：
[2020-10-23 19:46:36] [收录推送] https://www.90ike.com/forum/561.html
[2020-10-23 19:46:36] [收录推送] 推送结果【success】
[2020-10-23 19:46:36] [收录推送] 快速收录，推送url：
[2020-10-23 19:46:36] [收录推送] https://www.90ike.com/forum/561.html
[2020-10-23 19:46:36] [收录推送] 推送结果【超过每日配额了，超配额后再提交都是无效的】
[2020-10-23 19:48:40] [收录推送] 普通收录，推送url：
[2020-10-23 19:48:40] [收录推送] https://www.90ike.com/forum/562.html
[2020-10-23 19:48:50] [收录推送] 推送结果【接口请求错误,cURL error 28: connect() timed out!】
[2020-10-23 19:48:50] [收录推送] 快速收录，推送url：
[2020-10-23 19:48:50] [收录推送] https://www.90ike.com/forum/562.html
[2020-10-23 19:49:00] [收录推送] 推送结果【接口请求错误,cURL error 28: connect() timed out!】
[2020-10-23 19:50:20] [收录推送] 普通收录，推送url：
[2020-10-23 19:50:20] [收录推送] https://www.90ike.com/forum/563.html
[2020-10-23 19:50:30] [收录推送] 推送结果【接口请求错误,cURL error 28: connect() timed out!】
[2020-10-23 19:50:30] [收录推送] 快速收录，推送url：
[2020-10-23 19:50:30] [收录推送] https://www.90ike.com/forum/563.html
[2020-10-23 19:50:40] [收录推送] 推送结果【接口请求错误,cURL error 28: connect() timed out!】
[2020-10-23 19:53:12] [收录推送] 普通收录，推送url：
[2020-10-23 19:53:12] [收录推送] https://www.90ike.com/forum/564.html
[2020-10-23 19:53:22] [收录推送] 推送结果【接口请求错误,cURL error 28: connect() timed out!】
[2020-10-23 19:53:22] [收录推送] 快速收录，推送url：
[2020-10-23 19:53:22] [收录推送] https://www.90ike.com/forum/564.html
[2020-10-23 19:53:32] [收录推送] 推送结果【接口请求错误,cURL error 28: connect() timed out!】
[2020-10-23 19:56:44] [收录推送] 普通收录，推送url：
[2020-10-23 19:56:44] [收录推送] https://www.90ike.com/forum/565.html
[2020-10-23 19:56:44] [收录推送] 推送结果【success】
[2020-10-23 19:56:44] [收录推送] 快速收录，推送url：
[2020-10-23 19:56:44] [收录推送] https://www.90ike.com/forum/565.html
[2020-10-23 19:56:45] [收录推送] 推送结果【超过每日配额了，超配额后再提交都是无效的】
[2020-10-23 19:58:25] [收录推送] 普通收录，推送url：
[2020-10-23 19:58:25] [收录推送] https://www.90ike.com/forum/566.html
[2020-10-23 19:58:35] [收录推送] 推送结果【接口请求错误,cURL error 28: connect() timed out!】
[2020-10-23 19:58:35] [收录推送] 快速收录，推送url：
[2020-10-23 19:58:35] [收录推送] https://www.90ike.com/forum/566.html
[2020-10-23 19:58:45] [收录推送] 推送结果【接口请求错误,cURL error 28: connect() timed out!】
[2020-10-23 19:59:52] [收录推送] 普通收录，推送url：
[2020-10-23 19:59:52] [收录推送] https://www.90ike.com/forum/567.html
[2020-10-23 20:00:02] [收录推送] 推送结果【接口请求错误,cURL error 28: connect() timed out!】
[2020-10-23 20:00:02] [收录推送] 快速收录，推送url：
[2020-10-23 20:00:02] [收录推送] https://www.90ike.com/forum/567.html
[2020-10-23 20:00:12] [收录推送] 推送结果【接口请求错误,cURL error 28: connect() timed out!】
[2020-10-23 20:00:18] [定时任务] 开始执行百度推送插件定时任务
[2020-10-23 20:00:18] [收录查询] 新发布文章或未查询的存量文章
[2020-10-23 20:00:18] [收录查询] 查询文章20篇
[2020-10-23 20:00:19] [收录查询] 查询出错，状态码【】
[2020-10-23 20:00:19] [收录查询] 重新查询未收录文章
[2020-10-23 20:00:19] [收录查询] 查询文章0篇
[2020-10-23 20:00:19] [定时任务] 百度推送插件定时任务执行完毕
[2020-10-23 20:01:07] [收录推送] 普通收录，推送url：
[2020-10-23 20:01:07] [收录推送] https://www.90ike.com/forum/568.html
[2020-10-23 20:01:07] [收录推送] 推送结果【success】
[2020-10-23 20:01:07] [收录推送] 快速收录，推送url：
[2020-10-23 20:01:07] [收录推送] https://www.90ike.com/forum/568.html
[2020-10-23 20:01:08] [收录推送] 推送结果【超过每日配额了，超配额后再提交都是无效的】
[2020-10-23 20:02:45] [收录推送] 普通收录，推送url：
[2020-10-23 20:02:45] [收录推送] https://www.90ike.com/forum/569.html
[2020-10-23 20:02:55] [收录推送] 推送结果【接口请求错误,cURL error 28: connect() timed out!】
[2020-10-23 20:02:55] [收录推送] 快速收录，推送url：
[2020-10-23 20:02:55] [收录推送] https://www.90ike.com/forum/569.html
[2020-10-23 20:03:05] [收录推送] 推送结果【接口请求错误,cURL error 28: connect() timed out!】
[2020-10-23 20:04:17] [收录推送] 普通收录，推送url：
[2020-10-23 20:04:17] [收录推送] https://www.90ike.com/forum/570.html
[2020-10-23 20:04:18] [收录推送] 推送结果【success】
[2020-10-23 20:04:19] [收录推送] 快速收录，推送url：
[2020-10-23 20:04:19] [收录推送] https://www.90ike.com/forum/570.html
[2020-10-23 20:04:19] [收录推送] 推送结果【超过每日配额了，超配额后再提交都是无效的】
[2020-10-23 21:02:22] [定时任务] 开始执行百度推送插件定时任务
[2020-10-23 21:02:22] [收录查询] 新发布文章或未查询的存量文章
[2020-10-23 21:02:22] [收录查询] 查询文章3篇
[2020-10-23 21:02:22] [收录查询] 查询出错，状态码【】
[2020-10-23 21:02:22] [收录查询] 重新查询未收录文章
[2020-10-23 21:02:22] [收录查询] 查询文章0篇
[2020-10-23 21:02:22] [定时任务] 百度推送插件定时任务执行完毕
[2020-10-23 22:04:39] [定时任务] 开始执行百度推送插件定时任务
[2020-10-23 22:04:39] [收录查询] 新发布文章或未查询的存量文章
[2020-10-23 22:04:39] [收录查询] 查询文章0篇
[2020-10-23 22:04:39] [收录查询] 重新查询未收录文章
[2020-10-23 22:04:39] [收录查询] 查询文章0篇
[2020-10-23 22:04:39] [定时任务] 百度推送插件定时任务执行完毕
[2020-10-23 23:18:33] [定时任务] 开始执行百度推送插件定时任务
[2020-10-23 23:18:33] [收录概况] 查询百度收录概况-“收录总数”，请求接口：
[2020-10-23 23:18:33] [收录概况] https://www.baidu.com/s?ie=utf-8&f=8&rsv_bp=1&rsv_idx=1&tn=baidu&wd=site%3Awww.90ike.com
[2020-10-23 23:18:36] [收录概况] 请求错误，错误【cURL error 28: SSL connection timeout】
[2020-10-23 23:18:36] [收录查询] 新发布文章或未查询的存量文章
[2020-10-23 23:18:36] [收录查询] 查询文章0篇
[2020-10-23 23:18:36] [收录查询] 重新查询未收录文章
[2020-10-23 23:18:37] [收录查询] 查询文章0篇
[2020-10-23 23:18:37] [定时任务] 百度推送插件定时任务执行完毕
[2020-10-24 00:02:08] [定时任务] 开始执行百度推送插件定时任务
[2020-10-24 00:02:08] [收录概况] 查询百度收录概况-“收录总数”，请求接口：
[2020-10-24 00:02:08] [收录概况] https://www.baidu.com/s?ie=utf-8&f=8&rsv_bp=1&rsv_idx=1&tn=baidu&wd=site%3Awww.90ike.com
[2020-10-24 00:02:08] [收录概况] 请求返回【找到相关结果数约39】
[2020-10-24 00:02:08] [收录概况] 查询百度收录概况-“近30天收录”概况，请求接口：
[2020-10-24 00:02:08] [收录概况] https://www.baidu.com/s?ie=utf-8&f=8&rsv_bp=1&rsv_idx=1&tn=baidu&wd=site%3Awww.90ike.com&gpc=stf%3d1600992000%2c1603497728%7cstftype%3d1
[2020-10-24 00:02:09] [收录概况] 请求返回【没有找到数据】
[2020-10-24 00:02:09] [收录查询] 新发布文章或未查询的存量文章
[2020-10-24 00:02:09] [收录查询] 查询文章0篇
[2020-10-24 00:02:09] [收录查询] 重新查询未收录文章
[2020-10-24 00:02:09] [收录查询] 查询文章13篇
[2020-10-24 00:02:10] [收录查询] 查询成功，更新已收录1篇
[2020-10-24 00:02:10] [定时任务] 百度推送插件定时任务执行完毕
[2020-10-24 01:01:36] [定时任务] 开始执行百度推送插件定时任务
[2020-10-24 01:01:36] [收录查询] 新发布文章或未查询的存量文章
[2020-10-24 01:01:36] [收录查询] 查询文章0篇
[2020-10-24 01:01:36] [收录查询] 重新查询未收录文章
[2020-10-24 01:01:36] [收录查询] 查询文章0篇
[2020-10-24 01:01:36] [定时任务] 百度推送插件定时任务执行完毕
[2020-10-24 02:00:43] [定时任务] 开始执行百度推送插件定时任务
[2020-10-24 02:00:43] [收录查询] 新发布文章或未查询的存量文章
[2020-10-24 02:00:43] [收录查询] 查询文章0篇
[2020-10-24 02:00:43] [收录查询] 重新查询未收录文章
[2020-10-24 02:00:43] [收录查询] 查询文章0篇
[2020-10-24 02:00:43] [定时任务] 百度推送插件定时任务执行完毕
[2020-10-24 03:01:08] [定时任务] 开始执行百度推送插件定时任务
[2020-10-24 03:01:08] [收录查询] 新发布文章或未查询的存量文章
[2020-10-24 03:01:08] [收录查询] 查询文章0篇
[2020-10-24 03:01:08] [收录查询] 重新查询未收录文章
[2020-10-24 03:01:08] [收录查询] 查询文章0篇
[2020-10-24 03:01:08] [定时任务] 百度推送插件定时任务执行完毕
[2020-10-24 04:02:58] [定时任务] 开始执行百度推送插件定时任务
[2020-10-24 04:02:58] [收录查询] 新发布文章或未查询的存量文章
[2020-10-24 04:02:58] [收录查询] 查询文章0篇
[2020-10-24 04:02:58] [收录查询] 重新查询未收录文章
[2020-10-24 04:02:58] [收录查询] 查询文章0篇
[2020-10-24 04:02:58] [定时任务] 百度推送插件定时任务执行完毕
[2020-10-24 05:02:41] [定时任务] 开始执行百度推送插件定时任务
[2020-10-24 05:02:41] [收录查询] 新发布文章或未查询的存量文章
[2020-10-24 05:02:41] [收录查询] 查询文章0篇
[2020-10-24 05:02:42] [收录查询] 重新查询未收录文章
[2020-10-24 05:02:42] [收录查询] 查询文章0篇
[2020-10-24 05:02:42] [定时任务] 百度推送插件定时任务执行完毕
[2020-10-24 06:03:40] [定时任务] 开始执行百度推送插件定时任务
[2020-10-24 06:03:40] [收录概况] 查询百度收录概况-“收录总数”，请求接口：
[2020-10-24 06:03:40] [收录概况] https://www.baidu.com/s?ie=utf-8&f=8&rsv_bp=1&rsv_idx=1&tn=baidu&wd=site%3Awww.90ike.com
[2020-10-24 06:03:40] [收录概况] 请求返回【找到相关结果数约39】
[2020-10-24 06:03:40] [收录概况] 查询百度收录概况-“近30天收录”概况，请求接口：
[2020-10-24 06:03:40] [收录概况] https://www.baidu.com/s?ie=utf-8&f=8&rsv_bp=1&rsv_idx=1&tn=baidu&wd=site%3Awww.90ike.com&gpc=stf%3d1600992000%2c1603519420%7cstftype%3d1
[2020-10-24 06:03:41] [收录概况] 请求返回【没有找到数据】
[2020-10-24 06:03:41] [收录查询] 新发布文章或未查询的存量文章
[2020-10-24 06:03:41] [收录查询] 查询文章0篇
[2020-10-24 06:03:41] [收录查询] 重新查询未收录文章
[2020-10-24 06:03:41] [收录查询] 查询文章0篇
[2020-10-24 06:03:41] [定时任务] 百度推送插件定时任务执行完毕
[2020-10-24 07:01:50] [定时任务] 开始执行百度推送插件定时任务
[2020-10-24 07:01:50] [收录查询] 新发布文章或未查询的存量文章
[2020-10-24 07:01:50] [收录查询] 查询文章0篇
[2020-10-24 07:01:50] [收录查询] 重新查询未收录文章
[2020-10-24 07:01:50] [收录查询] 查询文章0篇
[2020-10-24 07:01:50] [定时任务] 百度推送插件定时任务执行完毕
[2020-10-24 07:59:00] [收录推送] 普通收录，推送url：
[2020-10-24 07:59:00] [收录推送] https://www.90ike.com/forum/571.html
[2020-10-24 07:59:10] [收录推送] 推送结果【接口请求错误,cURL error 28: connect() timed out!】
[2020-10-24 07:59:11] [收录推送] 快速收录，推送url：
[2020-10-24 07:59:11] [收录推送] https://www.90ike.com/forum/571.html
[2020-10-24 07:59:21] [收录推送] 推送结果【接口请求错误,cURL error 28: connect() timed out!】
[2020-10-24 08:00:43] [定时任务] 开始执行百度推送插件定时任务
[2020-10-24 08:00:43] [收录查询] 新发布文章或未查询的存量文章
[2020-10-24 08:00:43] [收录查询] 查询文章1篇
[2020-10-24 08:00:43] [收录查询] 查询出错，状态码【】
[2020-10-24 08:00:43] [收录查询] 重新查询未收录文章
[2020-10-24 08:00:43] [收录查询] 查询文章0篇
[2020-10-24 08:00:43] [定时任务] 百度推送插件定时任务执行完毕
[2020-10-24 08:00:44] [收录推送] 普通收录，推送url：
[2020-10-24 08:00:44] [收录推送] https://www.90ike.com/forum/572.html
[2020-10-24 08:00:44] [收录推送] 推送结果【success】
[2020-10-24 08:00:44] [收录推送] 快速收录，推送url：
[2020-10-24 08:00:44] [收录推送] https://www.90ike.com/forum/572.html
[2020-10-24 08:00:44] [收录推送] 推送结果【超过每日配额了，超配额后再提交都是无效的】
[2020-10-24 08:02:35] [收录推送] 普通收录，推送url：
[2020-10-24 08:02:35] [收录推送] https://www.90ike.com/forum/573.html
[2020-10-24 08:02:35] [收录推送] 推送结果【success】
[2020-10-24 08:02:36] [收录推送] 快速收录，推送url：
[2020-10-24 08:02:36] [收录推送] https://www.90ike.com/forum/573.html
[2020-10-24 08:02:36] [收录推送] 推送结果【超过每日配额了，超配额后再提交都是无效的】
[2020-10-24 08:09:00] [收录推送] 普通收录，推送url：
[2020-10-24 08:09:00] [收录推送] https://www.90ike.com/forum/574.html
[2020-10-24 08:09:01] [收录推送] 推送结果【success】
[2020-10-24 08:09:01] [收录推送] 快速收录，推送url：
[2020-10-24 08:09:01] [收录推送] https://www.90ike.com/forum/574.html
[2020-10-24 08:09:01] [收录推送] 推送结果【超过每日配额了，超配额后再提交都是无效的】
[2020-10-24 08:11:29] [收录推送] 普通收录，推送url：
[2020-10-24 08:11:29] [收录推送] https://www.90ike.com/forum/576.html
[2020-10-24 08:11:29] [收录推送] 推送结果【success】
[2020-10-24 08:11:29] [收录推送] 快速收录，推送url：
[2020-10-24 08:11:29] [收录推送] https://www.90ike.com/forum/576.html
[2020-10-24 08:11:29] [收录推送] 推送结果【超过每日配额了，超配额后再提交都是无效的】
[2020-10-24 08:13:43] [收录推送] 普通收录，推送url：
[2020-10-24 08:13:43] [收录推送] https://www.90ike.com/forum/579.html
[2020-10-24 08:13:44] [收录推送] 推送结果【success】
[2020-10-24 08:13:44] [收录推送] 快速收录，推送url：
[2020-10-24 08:13:44] [收录推送] https://www.90ike.com/forum/579.html
[2020-10-24 08:13:44] [收录推送] 推送结果【超过每日配额了，超配额后再提交都是无效的】
[2020-10-24 08:15:13] [收录推送] 普通收录，推送url：
[2020-10-24 08:15:13] [收录推送] https://www.90ike.com/forum/581.html
[2020-10-24 08:15:13] [收录推送] 推送结果【success】
[2020-10-24 08:15:13] [收录推送] 快速收录，推送url：
[2020-10-24 08:15:13] [收录推送] https://www.90ike.com/forum/581.html
[2020-10-24 08:15:13] [收录推送] 推送结果【超过每日配额了，超配额后再提交都是无效的】
[2020-10-24 08:16:32] [收录推送] 普通收录，推送url：
[2020-10-24 08:16:32] [收录推送] https://www.90ike.com/forum/583.html
[2020-10-24 08:16:33] [收录推送] 推送结果【success】
[2020-10-24 08:16:33] [收录推送] 快速收录，推送url：
[2020-10-24 08:16:33] [收录推送] https://www.90ike.com/forum/583.html
[2020-10-24 08:16:33] [收录推送] 推送结果【超过每日配额了，超配额后再提交都是无效的】
[2020-10-24 08:18:53] [收录推送] 普通收录，推送url：
[2020-10-24 08:18:53] [收录推送] https://www.90ike.com/forum/585.html
[2020-10-24 08:18:53] [收录推送] 推送结果【success】
[2020-10-24 08:18:53] [收录推送] 快速收录，推送url：
[2020-10-24 08:18:53] [收录推送] https://www.90ike.com/forum/585.html
[2020-10-24 08:18:54] [收录推送] 推送结果【超过每日配额了，超配额后再提交都是无效的】
[2020-10-24 08:21:58] [收录推送] 普通收录，推送url：
[2020-10-24 08:21:58] [收录推送] https://www.90ike.com/forum/586.html
[2020-10-24 08:22:08] [收录推送] 推送结果【接口请求错误,cURL error 28: connect() timed out!】
[2020-10-24 08:22:08] [收录推送] 快速收录，推送url：
[2020-10-24 08:22:08] [收录推送] https://www.90ike.com/forum/586.html
[2020-10-24 08:22:18] [收录推送] 推送结果【接口请求错误,cURL error 28: connect() timed out!】
[2020-10-24 08:24:25] [收录推送] 普通收录，推送url：
[2020-10-24 08:24:25] [收录推送] https://www.90ike.com/forum/587.html
[2020-10-24 08:24:35] [收录推送] 推送结果【接口请求错误,cURL error 28: connect() timed out!】
[2020-10-24 08:24:35] [收录推送] 快速收录，推送url：
[2020-10-24 08:24:35] [收录推送] https://www.90ike.com/forum/587.html
[2020-10-24 08:24:45] [收录推送] 推送结果【接口请求错误,cURL error 28: connect() timed out!】
[2020-10-24 08:25:35] [收录推送] 普通收录，推送url：
[2020-10-24 08:25:35] [收录推送] https://www.90ike.com/forum/588.html
[2020-10-24 08:25:35] [收录推送] 推送结果【success】
[2020-10-24 08:25:35] [收录推送] 快速收录，推送url：
[2020-10-24 08:25:35] [收录推送] https://www.90ike.com/forum/588.html
[2020-10-24 08:25:35] [收录推送] 推送结果【超过每日配额了，超配额后再提交都是无效的】
[2020-10-24 08:28:19] [收录推送] 普通收录，推送url：
[2020-10-24 08:28:19] [收录推送] https://www.90ike.com/forum/589.html
[2020-10-24 08:28:29] [收录推送] 推送结果【接口请求错误,cURL error 28: connect() timed out!】
[2020-10-24 08:28:29] [收录推送] 快速收录，推送url：
[2020-10-24 08:28:29] [收录推送] https://www.90ike.com/forum/589.html
[2020-10-24 08:28:39] [收录推送] 推送结果【接口请求错误,cURL error 28: connect() timed out!】
[2020-10-24 08:31:44] [收录推送] 普通收录，推送url：
[2020-10-24 08:31:44] [收录推送] https://www.90ike.com/forum/590.html
[2020-10-24 08:31:44] [收录推送] 推送结果【success】
[2020-10-24 08:31:44] [收录推送] 快速收录，推送url：
[2020-10-24 08:31:44] [收录推送] https://www.90ike.com/forum/590.html
[2020-10-24 08:31:44] [收录推送] 推送结果【超过每日配额了，超配额后再提交都是无效的】
[2020-10-24 08:32:59] [收录推送] 普通收录，推送url：
[2020-10-24 08:32:59] [收录推送] https://www.90ike.com/forum/591.html
[2020-10-24 08:33:09] [收录推送] 推送结果【接口请求错误,cURL error 28: connect() timed out!】
[2020-10-24 08:33:09] [收录推送] 快速收录，推送url：
[2020-10-24 08:33:09] [收录推送] https://www.90ike.com/forum/591.html
[2020-10-24 08:33:19] [收录推送] 推送结果【接口请求错误,cURL error 28: connect() timed out!】
[2020-10-24 08:35:01] [收录推送] 普通收录，推送url：
[2020-10-24 08:35:01] [收录推送] https://www.90ike.com/forum/593.html
[2020-10-24 08:35:11] [收录推送] 推送结果【接口请求错误,cURL error 28: connect() timed out!】
[2020-10-24 08:35:11] [收录推送] 快速收录，推送url：
[2020-10-24 08:35:11] [收录推送] https://www.90ike.com/forum/593.html
[2020-10-24 08:35:21] [收录推送] 推送结果【接口请求错误,cURL error 28: connect() timed out!】
[2020-10-24 08:36:50] [收录推送] 普通收录，推送url：
[2020-10-24 08:36:50] [收录推送] https://www.90ike.com/forum/594.html
[2020-10-24 08:37:00] [收录推送] 推送结果【接口请求错误,cURL error 28: connect() timed out!】
[2020-10-24 08:37:00] [收录推送] 快速收录，推送url：
[2020-10-24 08:37:00] [收录推送] https://www.90ike.com/forum/594.html
[2020-10-24 08:37:10] [收录推送] 推送结果【接口请求错误,cURL error 28: connect() timed out!】
[2020-10-24 08:38:14] [收录推送] 普通收录，推送url：
[2020-10-24 08:38:14] [收录推送] https://www.90ike.com/forum/595.html
[2020-10-24 08:38:24] [收录推送] 推送结果【接口请求错误,cURL error 28: connect() timed out!】
[2020-10-24 08:38:24] [收录推送] 快速收录，推送url：
[2020-10-24 08:38:24] [收录推送] https://www.90ike.com/forum/595.html
[2020-10-24 08:38:34] [收录推送] 推送结果【接口请求错误,cURL error 28: connect() timed out!】
[2020-10-24 08:41:48] [收录推送] 普通收录，推送url：
[2020-10-24 08:41:48] [收录推送] https://www.90ike.com/forum/596.html
[2020-10-24 08:41:58] [收录推送] 推送结果【接口请求错误,cURL error 28: connect() timed out!】
[2020-10-24 08:41:58] [收录推送] 快速收录，推送url：
[2020-10-24 08:41:58] [收录推送] https://www.90ike.com/forum/596.html
[2020-10-24 08:42:08] [收录推送] 推送结果【接口请求错误,cURL error 28: connect() timed out!】
[2020-10-24 08:43:50] [收录推送] 普通收录，推送url：
[2020-10-24 08:43:50] [收录推送] https://www.90ike.com/forum/597.html
[2020-10-24 08:44:00] [收录推送] 推送结果【接口请求错误,cURL error 28: connect() timed out!】
[2020-10-24 08:44:00] [收录推送] 快速收录，推送url：
[2020-10-24 08:44:00] [收录推送] https://www.90ike.com/forum/597.html
[2020-10-24 08:44:10] [收录推送] 推送结果【接口请求错误,cURL error 28: connect() timed out!】
[2020-10-24 08:46:09] [收录推送] 普通收录，推送url：
[2020-10-24 08:46:09] [收录推送] https://www.90ike.com/forum/598.html
[2020-10-24 08:46:09] [收录推送] 推送结果【success】
[2020-10-24 08:46:09] [收录推送] 快速收录，推送url：
[2020-10-24 08:46:09] [收录推送] https://www.90ike.com/forum/598.html
[2020-10-24 08:46:09] [收录推送] 推送结果【超过每日配额了，超配额后再提交都是无效的】
[2020-10-24 08:47:40] [收录推送] 普通收录，推送url：
[2020-10-24 08:47:40] [收录推送] https://www.90ike.com/forum/599.html
[2020-10-24 08:47:40] [收录推送] 推送结果【success】
[2020-10-24 08:47:40] [收录推送] 快速收录，推送url：
[2020-10-24 08:47:40] [收录推送] https://www.90ike.com/forum/599.html
[2020-10-24 08:47:41] [收录推送] 推送结果【超过每日配额了，超配额后再提交都是无效的】
[2020-10-24 08:48:55] [收录推送] 普通收录，推送url：
[2020-10-24 08:48:55] [收录推送] https://www.90ike.com/forum/600.html
[2020-10-24 08:49:05] [收录推送] 推送结果【接口请求错误,cURL error 28: connect() timed out!】
[2020-10-24 08:49:05] [收录推送] 快速收录，推送url：
[2020-10-24 08:49:05] [收录推送] https://www.90ike.com/forum/600.html
[2020-10-24 08:49:15] [收录推送] 推送结果【接口请求错误,cURL error 28: connect() timed out!】
[2020-10-24 08:54:33] [收录推送] 普通收录，推送url：
[2020-10-24 08:54:33] [收录推送] https://www.90ike.com/forum/601.html
[2020-10-24 08:54:43] [收录推送] 推送结果【接口请求错误,cURL error 28: connect() timed out!】
[2020-10-24 08:54:43] [收录推送] 快速收录，推送url：
[2020-10-24 08:54:43] [收录推送] https://www.90ike.com/forum/601.html
[2020-10-24 08:54:53] [收录推送] 推送结果【接口请求错误,cURL error 28: connect() timed out!】
[2020-10-24 08:56:20] [收录推送] 普通收录，推送url：
[2020-10-24 08:56:20] [收录推送] https://www.90ike.com/forum/602.html
[2020-10-24 08:56:30] [收录推送] 推送结果【接口请求错误,cURL error 28: connect() timed out!】
[2020-10-24 08:56:30] [收录推送] 快速收录，推送url：
[2020-10-24 08:56:30] [收录推送] https://www.90ike.com/forum/602.html
[2020-10-24 08:56:40] [收录推送] 推送结果【接口请求错误,cURL error 28: connect() timed out!】
[2020-10-24 08:57:51] [收录推送] 普通收录，推送url：
[2020-10-24 08:57:51] [收录推送] https://www.90ike.com/forum/603.html
[2020-10-24 08:58:01] [收录推送] 推送结果【接口请求错误,cURL error 28: connect() timed out!】
[2020-10-24 08:58:01] [收录推送] 快速收录，推送url：
[2020-10-24 08:58:01] [收录推送] https://www.90ike.com/forum/603.html
[2020-10-24 08:58:11] [收录推送] 推送结果【接口请求错误,cURL error 28: connect() timed out!】
[2020-10-24 08:59:58] [收录推送] 普通收录，推送url：
[2020-10-24 08:59:58] [收录推送] https://www.90ike.com/forum/604.html
[2020-10-24 09:00:08] [收录推送] 推送结果【接口请求错误,cURL error 28: connect() timed out!】
[2020-10-24 09:00:08] [收录推送] 快速收录，推送url：
[2020-10-24 09:00:08] [收录推送] https://www.90ike.com/forum/604.html
[2020-10-24 09:00:18] [收录推送] 推送结果【接口请求错误,cURL error 28: connect() timed out!】
[2020-10-24 09:00:30] [定时任务] 开始执行百度推送插件定时任务
[2020-10-24 09:00:30] [收录查询] 新发布文章或未查询的存量文章
[2020-10-24 09:00:30] [收录查询] 查询文章26篇
[2020-10-24 09:00:30] [收录查询] 查询出错，状态码【】
[2020-10-24 09:00:30] [收录查询] 重新查询未收录文章
[2020-10-24 09:00:30] [收录查询] 查询文章0篇
[2020-10-24 09:00:30] [定时任务] 百度推送插件定时任务执行完毕
[2020-10-24 09:01:34] [收录推送] 普通收录，推送url：
[2020-10-24 09:01:34] [收录推送] https://www.90ike.com/forum/605.html
[2020-10-24 09:01:44] [收录推送] 推送结果【接口请求错误,cURL error 28: connect() timed out!】
[2020-10-24 09:01:44] [收录推送] 快速收录，推送url：
[2020-10-24 09:01:44] [收录推送] https://www.90ike.com/forum/605.html
[2020-10-24 09:01:54] [收录推送] 推送结果【接口请求错误,cURL error 28: connect() timed out!】
[2020-10-24 09:04:11] [收录推送] 普通收录，推送url：
[2020-10-24 09:04:11] [收录推送] https://www.90ike.com/forum/606.html
[2020-10-24 09:04:11] [收录推送] 推送结果【success】
[2020-10-24 09:04:11] [收录推送] 快速收录，推送url：
[2020-10-24 09:04:11] [收录推送] https://www.90ike.com/forum/606.html
[2020-10-24 09:04:11] [收录推送] 推送结果【超过每日配额了，超配额后再提交都是无效的】
[2020-10-24 09:05:40] [收录推送] 普通收录，推送url：
[2020-10-24 09:05:40] [收录推送] https://www.90ike.com/forum/607.html
[2020-10-24 09:05:50] [收录推送] 推送结果【接口请求错误,cURL error 28: connect() timed out!】
[2020-10-24 09:05:50] [收录推送] 快速收录，推送url：
[2020-10-24 09:05:50] [收录推送] https://www.90ike.com/forum/607.html
[2020-10-24 09:06:00] [收录推送] 推送结果【接口请求错误,cURL error 28: connect() timed out!】
[2020-10-24 09:08:58] [收录推送] 普通收录，推送url：
[2020-10-24 09:08:58] [收录推送] https://www.90ike.com/forum/608.html
[2020-10-24 09:08:58] [收录推送] 推送结果【success】
[2020-10-24 09:08:58] [收录推送] 快速收录，推送url：
[2020-10-24 09:08:58] [收录推送] https://www.90ike.com/forum/608.html
[2020-10-24 09:08:58] [收录推送] 推送结果【超过每日配额了，超配额后再提交都是无效的】
[2020-10-24 09:12:33] [收录推送] 普通收录，推送url：
[2020-10-24 09:12:33] [收录推送] https://www.90ike.com/forum/609.html
[2020-10-24 09:12:43] [收录推送] 推送结果【接口请求错误,cURL error 28: connect() timed out!】
[2020-10-24 09:12:43] [收录推送] 快速收录，推送url：
[2020-10-24 09:12:43] [收录推送] https://www.90ike.com/forum/609.html
[2020-10-24 09:12:53] [收录推送] 推送结果【接口请求错误,cURL error 28: connect() timed out!】
[2020-10-24 09:14:12] [收录推送] 普通收录，推送url：
[2020-10-24 09:14:12] [收录推送] https://www.90ike.com/forum/610.html
[2020-10-24 09:14:22] [收录推送] 推送结果【接口请求错误,cURL error 28: connect() timed out!】
[2020-10-24 09:14:22] [收录推送] 快速收录，推送url：
[2020-10-24 09:14:22] [收录推送] https://www.90ike.com/forum/610.html
[2020-10-24 09:14:32] [收录推送] 推送结果【接口请求错误,cURL error 28: connect() timed out!】
[2020-10-24 09:16:31] [收录推送] 普通收录，推送url：
[2020-10-24 09:16:31] [收录推送] https://www.90ike.com/forum/611.html
[2020-10-24 09:16:41] [收录推送] 推送结果【接口请求错误,cURL error 28: connect() timed out!】
[2020-10-24 09:16:41] [收录推送] 快速收录，推送url：
[2020-10-24 09:16:41] [收录推送] https://www.90ike.com/forum/611.html
[2020-10-24 09:16:51] [收录推送] 推送结果【接口请求错误,cURL error 28: connect() timed out!】
[2020-10-24 09:17:44] [收录推送] 普通收录，推送url：
[2020-10-24 09:17:44] [收录推送] https://www.90ike.com/forum/612.html
[2020-10-24 09:17:54] [收录推送] 推送结果【接口请求错误,cURL error 28: connect() timed out!】
[2020-10-24 09:17:54] [收录推送] 快速收录，推送url：
[2020-10-24 09:17:54] [收录推送] https://www.90ike.com/forum/612.html
[2020-10-24 09:18:04] [收录推送] 推送结果【接口请求错误,cURL error 28: connect() timed out!】
[2020-10-24 09:19:18] [收录推送] 普通收录，推送url：
[2020-10-24 09:19:18] [收录推送] https://www.90ike.com/forum/613.html
[2020-10-24 09:19:18] [收录推送] 推送结果【success】
[2020-10-24 09:19:18] [收录推送] 快速收录，推送url：
[2020-10-24 09:19:18] [收录推送] https://www.90ike.com/forum/613.html
[2020-10-24 09:19:18] [收录推送] 推送结果【超过每日配额了，超配额后再提交都是无效的】
[2020-10-24 09:20:42] [收录推送] 普通收录，推送url：
[2020-10-24 09:20:42] [收录推送] https://www.90ike.com/forum/614.html
[2020-10-24 09:20:42] [收录推送] 推送结果【success】
[2020-10-24 09:20:42] [收录推送] 快速收录，推送url：
[2020-10-24 09:20:42] [收录推送] https://www.90ike.com/forum/614.html
[2020-10-24 09:20:43] [收录推送] 推送结果【超过每日配额了，超配额后再提交都是无效的】
[2020-10-24 10:02:33] [定时任务] 开始执行百度推送插件定时任务
[2020-10-24 10:02:33] [收录查询] 新发布文章或未查询的存量文章
[2020-10-24 10:02:33] [收录查询] 查询文章10篇
[2020-10-24 10:02:34] [收录查询] 查询出错，状态码【】
[2020-10-24 10:02:34] [收录查询] 重新查询未收录文章
[2020-10-24 10:02:34] [收录查询] 查询文章0篇
[2020-10-24 10:02:34] [定时任务] 百度推送插件定时任务执行完毕
[2020-10-24 10:45:44] [收录推送] 普通收录，推送url：
[2020-10-24 10:45:44] [收录推送] https://www.90ike.com/618.html
[2020-10-24 10:45:54] [收录推送] 推送结果【接口请求错误,cURL error 28: connect() timed out!】
[2020-10-24 10:45:54] [收录推送] 快速收录，推送url：
[2020-10-24 10:45:54] [收录推送] https://www.90ike.com/618.html
[2020-10-24 10:46:04] [收录推送] 推送结果【接口请求错误,cURL error 28: connect() timed out!】
[2020-10-24 11:01:19] [定时任务] 开始执行百度推送插件定时任务
[2020-10-24 11:01:19] [收录查询] 新发布文章或未查询的存量文章
[2020-10-24 11:01:19] [收录查询] 查询文章1篇
[2020-10-24 11:01:20] [收录查询] 查询出错，状态码【】
[2020-10-24 11:01:20] [收录查询] 重新查询未收录文章
[2020-10-24 11:01:20] [收录查询] 查询文章0篇
[2020-10-24 11:01:20] [定时任务] 百度推送插件定时任务执行完毕
[2020-10-24 11:08:12] [收录推送] 普通收录，推送url：
[2020-10-24 11:08:12] [收录推送] https://www.90ike.com/forum/622.html
[2020-10-24 11:08:12] [收录推送] 推送结果【success】
[2020-10-24 11:08:12] [收录推送] 快速收录，推送url：
[2020-10-24 11:08:12] [收录推送] https://www.90ike.com/forum/622.html
[2020-10-24 11:08:12] [收录推送] 推送结果【超过每日配额了，超配额后再提交都是无效的】
[2020-10-24 11:12:53] [收录推送] 普通收录，推送url：
[2020-10-24 11:12:53] [收录推送] https://www.90ike.com/11-2
[2020-10-24 11:12:53] [收录推送] 推送结果【success】
[2020-10-24 11:12:53] [收录推送] 快速收录，推送url：
[2020-10-24 11:12:53] [收录推送] https://www.90ike.com/11-2
[2020-10-24 11:12:53] [收录推送] 推送结果【超过每日配额了，超配额后再提交都是无效的】
[2020-10-24 11:17:57] [收录推送] 快速收录，推送url：
[2020-10-24 11:17:57] [收录推送] https://www.90ike.com/help
[2020-10-24 11:17:57] [收录推送] 推送结果【超过每日配额了，超配额后再提交都是无效的】
[2020-10-24 11:29:50] [收录推送] 普通收录，推送url：
[2020-10-24 11:29:50] [收录推送] https://www.90ike.com/615.html
[2020-10-24 11:29:50] [收录推送] 推送结果【success】
[2020-10-24 11:29:50] [收录推送] 快速收录，推送url：
[2020-10-24 11:29:50] [收录推送] https://www.90ike.com/615.html
[2020-10-24 11:29:51] [收录推送] 推送结果【超过每日配额了，超配额后再提交都是无效的】
[2020-10-24 11:41:08] [收录推送] 快速收录，推送url：
[2020-10-24 11:41:08] [收录推送] https://www.90ike.com/615.html
[2020-10-24 11:41:18] [收录推送] 推送结果【接口请求错误,cURL error 28: connect() timed out!】
[2020-10-24 12:05:08] [定时任务] 开始执行百度推送插件定时任务
[2020-10-24 12:05:08] [收录概况] 查询百度收录概况-“收录总数”，请求接口：
[2020-10-24 12:05:08] [收录概况] https://www.baidu.com/s?ie=utf-8&f=8&rsv_bp=1&rsv_idx=1&tn=baidu&wd=site%3Awww.90ike.com
[2020-10-24 12:05:08] [收录概况] 请求返回【找到相关结果数约39】
[2020-10-24 12:05:08] [收录概况] 查询百度收录概况-“近30天收录”概况，请求接口：
[2020-10-24 12:05:08] [收录概况] https://www.baidu.com/s?ie=utf-8&f=8&rsv_bp=1&rsv_idx=1&tn=baidu&wd=site%3Awww.90ike.com&gpc=stf%3d1600992000%2c1603541108%7cstftype%3d1
[2020-10-24 12:05:09] [收录概况] 请求返回【没有找到数据】
[2020-10-24 12:05:09] [收录查询] 新发布文章或未查询的存量文章
[2020-10-24 12:05:09] [收录查询] 查询文章2篇
[2020-10-24 12:05:09] [收录查询] 查询出错，状态码【】
[2020-10-24 12:05:09] [收录查询] 重新查询未收录文章
[2020-10-24 12:05:09] [收录查询] 查询文章0篇
[2020-10-24 12:05:09] [定时任务] 百度推送插件定时任务执行完毕
[2020-10-24 12:14:11] [收录推送] 普通收录，推送url：
[2020-10-24 12:14:11] [收录推送] https://www.90ike.com/632.html
[2020-10-24 12:14:21] [收录推送] 推送结果【接口请求错误,cURL error 28: connect() timed out!】
[2020-10-24 12:14:21] [收录推送] 快速收录，推送url：
[2020-10-24 12:14:21] [收录推送] https://www.90ike.com/632.html
[2020-10-24 12:14:31] [收录推送] 推送结果【接口请求错误,cURL error 28: connect() timed out!】
[2020-10-24 12:23:36] [收录推送] 普通收录，推送url：
[2020-10-24 12:23:36] [收录推送] https://www.90ike.com/632.html
[2020-10-24 12:23:36] [收录推送] 推送结果【success】
[2020-10-24 12:23:36] [收录推送] 快速收录，推送url：
[2020-10-24 12:23:36] [收录推送] https://www.90ike.com/632.html
[2020-10-24 12:23:36] [收录推送] 推送结果【超过每日配额了，超配额后再提交都是无效的】
[2020-10-24 12:33:21] [收录推送] 普通收录，推送url：
[2020-10-24 12:33:21] [收录推送] https://www.90ike.com/635.html
[2020-10-24 12:33:21] [收录推送] 推送结果【success】
[2020-10-24 12:33:21] [收录推送] 快速收录，推送url：
[2020-10-24 12:33:21] [收录推送] https://www.90ike.com/635.html
[2020-10-24 12:33:21] [收录推送] 推送结果【超过每日配额了，超配额后再提交都是无效的】
[2020-10-24 13:01:09] [定时任务] 开始执行百度推送插件定时任务
[2020-10-24 13:01:09] [收录查询] 新发布文章或未查询的存量文章
[2020-10-24 13:01:09] [收录查询] 查询文章2篇
[2020-10-24 13:01:09] [收录查询] 查询出错，状态码【】
[2020-10-24 13:01:09] [收录查询] 重新查询未收录文章
[2020-10-24 13:01:09] [收录查询] 查询文章0篇
[2020-10-24 13:01:09] [定时任务] 百度推送插件定时任务执行完毕
[2020-10-24 14:00:18] [定时任务] 开始执行百度推送插件定时任务
[2020-10-24 14:00:19] [收录查询] 新发布文章或未查询的存量文章
[2020-10-24 14:00:19] [收录查询] 查询文章0篇
[2020-10-24 14:00:19] [收录查询] 重新查询未收录文章
[2020-10-24 14:00:19] [收录查询] 查询文章0篇
[2020-10-24 14:00:19] [定时任务] 百度推送插件定时任务执行完毕
[2020-10-24 15:00:49] [定时任务] 开始执行百度推送插件定时任务
[2020-10-24 15:00:50] [收录查询] 新发布文章或未查询的存量文章
[2020-10-24 15:00:50] [收录查询] 查询文章0篇
[2020-10-24 15:00:50] [收录查询] 重新查询未收录文章
[2020-10-24 15:00:50] [收录查询] 查询文章0篇
[2020-10-24 15:00:50] [定时任务] 百度推送插件定时任务执行完毕
[2020-10-24 16:00:19] [定时任务] 开始执行百度推送插件定时任务
[2020-10-24 16:00:20] [收录查询] 新发布文章或未查询的存量文章
[2020-10-24 16:00:20] [收录查询] 查询文章0篇
[2020-10-24 16:00:20] [收录查询] 重新查询未收录文章
[2020-10-24 16:00:20] [收录查询] 查询文章0篇
[2020-10-24 16:00:20] [定时任务] 百度推送插件定时任务执行完毕
[2020-10-24 17:00:37] [定时任务] 开始执行百度推送插件定时任务
[2020-10-24 17:00:39] [收录查询] 新发布文章或未查询的存量文章
[2020-10-24 17:00:39] [收录查询] 查询文章0篇
[2020-10-24 17:00:39] [收录查询] 重新查询未收录文章
[2020-10-24 17:00:39] [收录查询] 查询文章0篇
[2020-10-24 17:00:39] [定时任务] 百度推送插件定时任务执行完毕
[2020-10-24 18:05:59] [定时任务] 开始执行百度推送插件定时任务
[2020-10-24 18:05:59] [收录概况] 查询百度收录概况-“收录总数”，请求接口：
[2020-10-24 18:05:59] [收录概况] https://www.baidu.com/s?ie=utf-8&f=8&rsv_bp=1&rsv_idx=1&tn=baidu&wd=site%3Awww.90ike.com
[2020-10-24 18:05:59] [收录概况] 请求返回【找到相关结果数约39】
[2020-10-24 18:05:59] [收录概况] 查询百度收录概况-“近30天收录”概况，请求接口：
[2020-10-24 18:05:59] [收录概况] https://www.baidu.com/s?ie=utf-8&f=8&rsv_bp=1&rsv_idx=1&tn=baidu&wd=site%3Awww.90ike.com&gpc=stf%3d1600992000%2c1603562759%7cstftype%3d1
[2020-10-24 18:06:00] [收录概况] 请求返回【没有找到数据】
[2020-10-24 18:06:01] [收录查询] 新发布文章或未查询的存量文章
[2020-10-24 18:06:01] [收录查询] 查询文章0篇
[2020-10-24 18:06:01] [收录查询] 重新查询未收录文章
[2020-10-24 18:06:01] [收录查询] 查询文章0篇
[2020-10-24 18:06:01] [定时任务] 百度推送插件定时任务执行完毕
[2020-10-24 19:04:21] [定时任务] 开始执行百度推送插件定时任务
[2020-10-24 19:04:22] [收录查询] 新发布文章或未查询的存量文章
[2020-10-24 19:04:22] [收录查询] 查询文章0篇
[2020-10-24 19:04:22] [收录查询] 重新查询未收录文章
[2020-10-24 19:04:22] [收录查询] 查询文章0篇
[2020-10-24 19:04:22] [定时任务] 百度推送插件定时任务执行完毕
[2020-10-24 20:01:34] [定时任务] 开始执行百度推送插件定时任务
[2020-10-24 20:01:36] [收录查询] 新发布文章或未查询的存量文章
[2020-10-24 20:01:36] [收录查询] 查询文章0篇
[2020-10-24 20:01:36] [收录查询] 重新查询未收录文章
[2020-10-24 20:01:36] [收录查询] 查询文章0篇
[2020-10-24 20:01:36] [定时任务] 百度推送插件定时任务执行完毕
[2020-10-24 21:01:24] [定时任务] 开始执行百度推送插件定时任务
[2020-10-24 21:01:26] [收录查询] 新发布文章或未查询的存量文章
[2020-10-24 21:01:26] [收录查询] 查询文章0篇
[2020-10-24 21:01:26] [收录查询] 重新查询未收录文章
[2020-10-24 21:01:26] [收录查询] 查询文章0篇
[2020-10-24 21:01:26] [定时任务] 百度推送插件定时任务执行完毕
